<?xml version="1.0" encoding="UTF-8"?>
<testng-results ignored="0" total="9" passed="6" failed="1" skipped="2">
  <reporter-output>
  </reporter-output>
  <suite started-at="2024-04-29T23:51:21Z" name="Testing" finished-at="2024-04-29T23:54:22Z" duration-ms="180856">
    <groups>
    </groups>
    <test started-at="2024-04-29T23:51:21Z" name="Demo Automation" finished-at="2024-04-29T23:54:22Z" duration-ms="180856">
      <class name="testcases.CustomerRegistration2">
        <test-method is-config="true" signature="setupDriver()[pri:0, instance:testcases.CustomerRegistration2@5b7a5baa]" started-at="2024-04-29T23:51:21Z" name="setupDriver" finished-at="2024-04-29T23:51:26Z" duration-ms="4980" status="PASS">
          <reporter-output>
          </reporter-output>
        </test-method> <!-- setupDriver -->
        <test-method signature="customerRegistration()[pri:0, instance:testcases.CustomerRegistration2@5b7a5baa]" started-at="2024-04-29T23:51:26Z" name="customerRegistration" finished-at="2024-04-29T23:51:28Z" duration-ms="2123" status="PASS">
          <reporter-output>
          </reporter-output>
        </test-method> <!-- customerRegistration -->
        <test-method signature="clickFlightSearchButton()[pri:0, instance:testcases.CustomerRegistration2@5b7a5baa]" started-at="2024-04-29T23:51:28Z" name="clickFlightSearchButton" finished-at="2024-04-29T23:51:28Z" depends-on-methods="testcases.CustomerRegistration2.customerRegistration" duration-ms="101" status="PASS">
          <reporter-output>
          </reporter-output>
        </test-method> <!-- clickFlightSearchButton -->
        <test-method signature="flightSearch()[pri:0, instance:testcases.CustomerRegistration2@5b7a5baa]" started-at="2024-04-29T23:51:28Z" name="flightSearch" finished-at="2024-04-29T23:51:32Z" depends-on-methods="testcases.CustomerRegistration2.clickFlightSearchButton" duration-ms="3410" status="PASS">
          <reporter-output>
          </reporter-output>
        </test-method> <!-- flightSearch -->
      </class> <!-- testcases.CustomerRegistration2 -->
      <class name="testcases.CustomerRegistration3">
        <test-method is-config="true" signature="setupDriver()[pri:0, instance:testcases.CustomerRegistration3@776aec5c]" started-at="2024-04-29T23:51:21Z" name="setupDriver" finished-at="2024-04-29T23:54:22Z" duration-ms="180794" status="PASS">
          <reporter-output>
          </reporter-output>
        </test-method> <!-- setupDriver -->
        <test-method signature="customerRegistration()[pri:0, instance:testcases.CustomerRegistration3@776aec5c]" started-at="2024-04-29T23:54:22Z" name="customerRegistration" finished-at="2024-04-29T23:54:22Z" duration-ms="3" status="FAIL">
          <exception class="java.lang.NullPointerException">
            <full-stacktrace>
              <![CDATA[java.lang.NullPointerException
at java.base/java.util.Objects.requireNonNull(Objects.java:220)
at org.openqa.selenium.support.ui.FluentWait.<init>(FluentWait.java:106)
at org.openqa.selenium.support.ui.WebDriverWait.<init>(WebDriverWait.java:85)
at org.openqa.selenium.support.ui.WebDriverWait.<init>(WebDriverWait.java:45)
at flightreservation.RegistrationPage.<init>(RegistrationPage.java:33)
at testcases.CustomerRegistration3.customerRegistration(CustomerRegistration3.java:12)
at java.base/jdk.internal.reflect.DirectMethodHandleAccessor.invoke(DirectMethodHandleAccessor.java:103)
at java.base/java.lang.reflect.Method.invoke(Method.java:580)
at org.testng.internal.MethodInvocationHelper.invokeMethod(MethodInvocationHelper.java:124)
at org.testng.internal.Invoker.invokeMethod(Invoker.java:583)
at org.testng.internal.Invoker.invokeTestMethod(Invoker.java:719)
at org.testng.internal.Invoker.invokeTestMethods(Invoker.java:989)
at org.testng.internal.TestMethodWorker.invokeTestMethods(TestMethodWorker.java:125)
at org.testng.internal.TestMethodWorker.run(TestMethodWorker.java:109)
at java.base/java.util.concurrent.ThreadPoolExecutor.runWorker(ThreadPoolExecutor.java:1144)
at java.base/java.util.concurrent.ThreadPoolExecutor$Worker.run(ThreadPoolExecutor.java:642)
at java.base/java.lang.Thread.run(Thread.java:1570)
]]>
            </full-stacktrace>
          </exception> <!-- java.lang.NullPointerException -->
          <reporter-output>
          </reporter-output>
        </test-method> <!-- customerRegistration -->
        <test-method signature="clickFlightSearchButton()[pri:0, instance:testcases.CustomerRegistration3@776aec5c]" started-at="2024-04-29T23:54:22Z" name="clickFlightSearchButton" finished-at="2024-04-29T23:54:22Z" depends-on-methods="testcases.CustomerRegistration3.customerRegistration" duration-ms="0" status="SKIP">
          <exception class="java.lang.Throwable">
            <message>
              <![CDATA[Method CustomerRegistration3.clickFlightSearchButton()[pri:0, instance:testcases.CustomerRegistration3@776aec5c] depends on not successfully finished methods]]>
            </message>
            <full-stacktrace>
              <![CDATA[java.lang.Throwable: Method CustomerRegistration3.clickFlightSearchButton()[pri:0, instance:testcases.CustomerRegistration3@776aec5c] depends on not successfully finished methods
at org.testng.internal.Invoker.invokeTestMethods(Invoker.java:888)
at org.testng.internal.TestMethodWorker.invokeTestMethods(TestMethodWorker.java:125)
at org.testng.internal.TestMethodWorker.run(TestMethodWorker.java:109)
at java.base/java.util.concurrent.ThreadPoolExecutor.runWorker(ThreadPoolExecutor.java:1144)
at java.base/java.util.concurrent.ThreadPoolExecutor$Worker.run(ThreadPoolExecutor.java:642)
at java.base/java.lang.Thread.run(Thread.java:1570)
]]>
            </full-stacktrace>
          </exception> <!-- java.lang.Throwable -->
          <reporter-output>
          </reporter-output>
        </test-method> <!-- clickFlightSearchButton -->
        <test-method signature="flightSearch()[pri:0, instance:testcases.CustomerRegistration3@776aec5c]" started-at="2024-04-29T23:54:22Z" name="flightSearch" finished-at="2024-04-29T23:54:22Z" depends-on-methods="testcases.CustomerRegistration3.clickFlightSearchButton" duration-ms="0" status="SKIP">
          <exception class="java.lang.Throwable">
            <message>
              <![CDATA[Method CustomerRegistration3.flightSearch()[pri:0, instance:testcases.CustomerRegistration3@776aec5c] depends on not successfully finished methods]]>
            </message>
            <full-stacktrace>
              <![CDATA[java.lang.Throwable: Method CustomerRegistration3.flightSearch()[pri:0, instance:testcases.CustomerRegistration3@776aec5c] depends on not successfully finished methods
at org.testng.internal.Invoker.invokeTestMethods(Invoker.java:888)
at org.testng.internal.TestMethodWorker.invokeTestMethods(TestMethodWorker.java:125)
at org.testng.internal.TestMethodWorker.run(TestMethodWorker.java:109)
at java.base/java.util.concurrent.ThreadPoolExecutor.runWorker(ThreadPoolExecutor.java:1144)
at java.base/java.util.concurrent.ThreadPoolExecutor$Worker.run(ThreadPoolExecutor.java:642)
at java.base/java.lang.Thread.run(Thread.java:1570)
]]>
            </full-stacktrace>
          </exception> <!-- java.lang.Throwable -->
          <reporter-output>
          </reporter-output>
        </test-method> <!-- flightSearch -->
      </class> <!-- testcases.CustomerRegistration3 -->
      <class name="testcases.CustomerRegistration1">
        <test-method is-config="true" signature="setupDriver()[pri:0, instance:testcases.CustomerRegistration1@5bf0d49]" started-at="2024-04-29T23:51:21Z" name="setupDriver" finished-at="2024-04-29T23:51:26Z" duration-ms="4979" status="PASS">
          <reporter-output>
          </reporter-output>
        </test-method> <!-- setupDriver -->
        <test-method signature="customerRegistration()[pri:0, instance:testcases.CustomerRegistration1@5bf0d49]" started-at="2024-04-29T23:51:26Z" name="customerRegistration" finished-at="2024-04-29T23:51:28Z" duration-ms="2149" status="PASS">
          <reporter-output>
          </reporter-output>
        </test-method> <!-- customerRegistration -->
        <test-method signature="clickFlightSearchButton()[pri:0, instance:testcases.CustomerRegistration1@5bf0d49]" started-at="2024-04-29T23:51:28Z" name="clickFlightSearchButton" finished-at="2024-04-29T23:51:30Z" depends-on-methods="testcases.CustomerRegistration1.customerRegistration" duration-ms="1718" status="PASS">
          <reporter-output>
          </reporter-output>
        </test-method> <!-- clickFlightSearchButton -->
        <test-method signature="flightSearch()[pri:0, instance:testcases.CustomerRegistration1@5bf0d49]" started-at="2024-04-29T23:51:30Z" name="flightSearch" finished-at="2024-04-29T23:51:33Z" depends-on-methods="testcases.CustomerRegistration1.clickFlightSearchButton" duration-ms="2845" status="PASS">
          <reporter-output>
          </reporter-output>
        </test-method> <!-- flightSearch -->
      </class> <!-- testcases.CustomerRegistration1 -->
    </test> <!-- Demo Automation -->
  </suite> <!-- Testing -->
</testng-results>
